<?xml version="1.0" encoding="UTF-8"?>
<configuration>
	<!-- OK -->
	<a>A</a>
	<b>${a}</b>
	<!-- cycle -->
	<c>${d}</c>
	<d>${e}</d>
	<e>${c}</e>
</configuration>
