<?xml version="1.0" encoding="UTF-8"?>
<configuration>
    <home>${HOME}</home>
	<working-dir>${user.dir}</working-dir>
</configuration>
